  main.cpp
l:\m10307431\wban\wban_sim\wban_sim\struct.h(209): warning C4244: '=' : 將 'double' 轉換為 'float'，由於型別不同，可能導致資料遺失
l:\m10307431\wban\wban_sim\wban_sim\struct.h(215): warning C4244: '=' : 將 'double' 轉換為 'float'，由於型別不同，可能導致資料遺失
l:\m10307431\wban\wban_sim\wban_sim\struct.h(257): warning C4244: '+=' : 將 'const float' 轉換為 'int'，由於型別不同，可能導致資料遺失
l:\m10307431\wban\wban_sim\wban_sim\struct.h(261): warning C4244: '=' : 將 'const float' 轉換為 'int'，由於型別不同，可能導致資料遺失
l:\m10307431\wban\wban_sim\wban_sim\main.cpp(48): warning C4305: '正在初始化' : 從 'double' 轉換為 'float'，是由較大的型別轉換為較小的型別，可能導致資料遺失
l:\m10307431\wban\wban_sim\wban_sim\main.cpp(67): warning C4305: '正在初始化' : 從 'double' 轉換為 'const float'，是由較大的型別轉換為較小的型別，可能導致資料遺失
l:\m10307431\wban\wban_sim\wban_sim\main.cpp(68): warning C4305: '正在初始化' : 從 'double' 轉換為 'const float'，是由較大的型別轉換為較小的型別，可能導致資料遺失
l:\m10307431\wban\wban_sim\wban_sim\main.cpp(69): warning C4305: '正在初始化' : 從 'double' 轉換為 'const float'，是由較大的型別轉換為較小的型別，可能導致資料遺失
l:\m10307431\wban\wban_sim\wban_sim\main.cpp(81): warning C4244: '引數' : 將 'time_t' 轉換為 'unsigned int'，由於型別不同，可能導致資料遺失
l:\m10307431\wban\wban_sim\wban_sim\main.cpp(96): warning C4996: 'strtok': This function or variable may be unsafe. Consider using strtok_s instead. To disable deprecation, use _CRT_SECURE_NO_WARNINGS. See online help for details.
          c:\program files (x86)\microsoft visual studio 11.0\vc\include\string.h(200) : 請參閱 'strtok' 的宣告
l:\m10307431\wban\wban_sim\wban_sim\main.cpp(97): warning C4996: 'strtok': This function or variable may be unsafe. Consider using strtok_s instead. To disable deprecation, use _CRT_SECURE_NO_WARNINGS. See online help for details.
          c:\program files (x86)\microsoft visual studio 11.0\vc\include\string.h(200) : 請參閱 'strtok' 的宣告
l:\m10307431\wban\wban_sim\wban_sim\main.cpp(101): warning C4996: 'strtok': This function or variable may be unsafe. Consider using strtok_s instead. To disable deprecation, use _CRT_SECURE_NO_WARNINGS. See online help for details.
          c:\program files (x86)\microsoft visual studio 11.0\vc\include\string.h(200) : 請參閱 'strtok' 的宣告
l:\m10307431\wban\wban_sim\wban_sim\main.cpp(102): warning C4996: 'strtok': This function or variable may be unsafe. Consider using strtok_s instead. To disable deprecation, use _CRT_SECURE_NO_WARNINGS. See online help for details.
          c:\program files (x86)\microsoft visual studio 11.0\vc\include\string.h(200) : 請參閱 'strtok' 的宣告
l:\m10307431\wban\wban_sim\wban_sim\main.cpp(106): warning C4996: 'strtok': This function or variable may be unsafe. Consider using strtok_s instead. To disable deprecation, use _CRT_SECURE_NO_WARNINGS. See online help for details.
          c:\program files (x86)\microsoft visual studio 11.0\vc\include\string.h(200) : 請參閱 'strtok' 的宣告
l:\m10307431\wban\wban_sim\wban_sim\main.cpp(107): warning C4996: 'strtok': This function or variable may be unsafe. Consider using strtok_s instead. To disable deprecation, use _CRT_SECURE_NO_WARNINGS. See online help for details.
          c:\program files (x86)\microsoft visual studio 11.0\vc\include\string.h(200) : 請參閱 'strtok' 的宣告
l:\m10307431\wban\wban_sim\wban_sim\main.cpp(111): warning C4996: 'strtok': This function or variable may be unsafe. Consider using strtok_s instead. To disable deprecation, use _CRT_SECURE_NO_WARNINGS. See online help for details.
          c:\program files (x86)\microsoft visual studio 11.0\vc\include\string.h(200) : 請參閱 'strtok' 的宣告
l:\m10307431\wban\wban_sim\wban_sim\main.cpp(112): warning C4996: 'strtok': This function or variable may be unsafe. Consider using strtok_s instead. To disable deprecation, use _CRT_SECURE_NO_WARNINGS. See online help for details.
          c:\program files (x86)\microsoft visual studio 11.0\vc\include\string.h(200) : 請參閱 'strtok' 的宣告
l:\m10307431\wban\wban_sim\wban_sim\main.cpp(113): warning C4244: '=' : 將 'double' 轉換為 'float'，由於型別不同，可能導致資料遺失
l:\m10307431\wban\wban_sim\wban_sim\main.cpp(116): warning C4996: 'strtok': This function or variable may be unsafe. Consider using strtok_s instead. To disable deprecation, use _CRT_SECURE_NO_WARNINGS. See online help for details.
          c:\program files (x86)\microsoft visual studio 11.0\vc\include\string.h(200) : 請參閱 'strtok' 的宣告
l:\m10307431\wban\wban_sim\wban_sim\main.cpp(117): warning C4996: 'strtok': This function or variable may be unsafe. Consider using strtok_s instead. To disable deprecation, use _CRT_SECURE_NO_WARNINGS. See online help for details.
          c:\program files (x86)\microsoft visual studio 11.0\vc\include\string.h(200) : 請參閱 'strtok' 的宣告
l:\m10307431\wban\wban_sim\wban_sim\main.cpp(125): warning C4996: 'strtok': This function or variable may be unsafe. Consider using strtok_s instead. To disable deprecation, use _CRT_SECURE_NO_WARNINGS. See online help for details.
          c:\program files (x86)\microsoft visual studio 11.0\vc\include\string.h(200) : 請參閱 'strtok' 的宣告
l:\m10307431\wban\wban_sim\wban_sim\main.cpp(126): warning C4996: 'strtok': This function or variable may be unsafe. Consider using strtok_s instead. To disable deprecation, use _CRT_SECURE_NO_WARNINGS. See online help for details.
          c:\program files (x86)\microsoft visual studio 11.0\vc\include\string.h(200) : 請參閱 'strtok' 的宣告
l:\m10307431\wban\wban_sim\wban_sim\main.cpp(223): warning C4244: '+=' : 將 'double' 轉換為 'int'，由於型別不同，可能導致資料遺失
l:\m10307431\wban\wban_sim\wban_sim\main.cpp(245): warning C4018: '<' : signed/unsigned 不相符
  WBAN_Gen.cpp
l:\m10307431\wban\wban_sim\wban_sim\struct.h(209): warning C4244: '=' : 將 'double' 轉換為 'float'，由於型別不同，可能導致資料遺失
l:\m10307431\wban\wban_sim\wban_sim\struct.h(215): warning C4244: '=' : 將 'double' 轉換為 'float'，由於型別不同，可能導致資料遺失
l:\m10307431\wban\wban_sim\wban_sim\struct.h(257): warning C4244: '+=' : 將 'const float' 轉換為 'int'，由於型別不同，可能導致資料遺失
l:\m10307431\wban\wban_sim\wban_sim\struct.h(261): warning C4244: '=' : 將 'const float' 轉換為 'int'，由於型別不同，可能導致資料遺失
l:\m10307431\wban\wban_sim\wban_sim\wban_gen.cpp(15): warning C4005: 'DEBUG' : 巨集重複定義
          l:\m10307431\wban\wban_sim\wban_sim\debug.h(3) : 請參閱 'DEBUG' 之前的定義
l:\m10307431\wban\wban_sim\wban_sim\wban_gen.cpp(18): warning C4005: 'debug' : 巨集重複定義
          l:\m10307431\wban\wban_sim\wban_sim\debug.h(9) : 請參閱 'debug' 之前的定義
l:\m10307431\wban\wban_sim\wban_sim\wban_gen.cpp(86): warning C4305: '=' : 從 'double' 轉換為 'float'，是由較大的型別轉換為較小的型別，可能導致資料遺失
l:\m10307431\wban\wban_sim\wban_sim\wban_gen.cpp(93): warning C4244: '=' : 將 'double' 轉換為 'int'，由於型別不同，可能導致資料遺失
l:\m10307431\wban\wban_sim\wban_sim\wban_gen.cpp(94): warning C4244: '=' : 將 'double' 轉換為 'int'，由於型別不同，可能導致資料遺失
l:\m10307431\wban\wban_sim\wban_sim\wban_gen.cpp(95): warning C4305: '=' : 從 'double' 轉換為 'float'，是由較大的型別轉換為較小的型別，可能導致資料遺失
l:\m10307431\wban\wban_sim\wban_sim\wban_gen.cpp(123): warning C4244: '=' : 將 'float' 轉換為 'int'，由於型別不同，可能導致資料遺失
l:\m10307431\wban\wban_sim\wban_sim\wban_gen.cpp(124): warning C4244: '=' : 將 'float' 轉換為 'int'，由於型別不同，可能導致資料遺失
l:\m10307431\wban\wban_sim\wban_sim\wban_gen.cpp(145): warning C4996: 'strtok': This function or variable may be unsafe. Consider using strtok_s instead. To disable deprecation, use _CRT_SECURE_NO_WARNINGS. See online help for details.
          c:\program files (x86)\microsoft visual studio 11.0\vc\include\string.h(200) : 請參閱 'strtok' 的宣告
l:\m10307431\wban\wban_sim\wban_sim\wban_gen.cpp(155): warning C4996: 'strtok': This function or variable may be unsafe. Consider using strtok_s instead. To disable deprecation, use _CRT_SECURE_NO_WARNINGS. See online help for details.
          c:\program files (x86)\microsoft visual studio 11.0\vc\include\string.h(200) : 請參閱 'strtok' 的宣告
l:\m10307431\wban\wban_sim\wban_sim\wban_gen.cpp(159): warning C4996: 'strtok': This function or variable may be unsafe. Consider using strtok_s instead. To disable deprecation, use _CRT_SECURE_NO_WARNINGS. See online help for details.
          c:\program files (x86)\microsoft visual studio 11.0\vc\include\string.h(200) : 請參閱 'strtok' 的宣告
  正在產生程式碼...
  WBAN_Sim.vcxproj -> L:\M10307431\WBAN\WBAN_Sim\Debug\WBAN_Sim.exe
