L:\M10307431\WBAN\WBAN_SIM\WBAN_SIM\DEBUG\DISPATCH.OBJ
L:\M10307431\WBAN\WBAN_SIM\WBAN_SIM\DEBUG\OFLDECISION.OBJ
L:\M10307431\WBAN\WBAN_SIM\WBAN_SIM\DEBUG\SCHED.OBJ
L:\M10307431\WBAN\WBAN_SIM\WBAN_SIM\DEBUG\WBAN_GEN.OBJ
L:\M10307431\WBAN\WBAN_SIM\WBAN_SIM\DEBUG\MAIN.OBJ
L:\M10307431\WBAN\WBAN_SIM\WBAN_SIM\DEBUG\VC110.PDB
L:\M10307431\WBAN\WBAN_SIM\WBAN_SIM\DEBUG\PERFORMANCE.OBJ
L:\M10307431\WBAN\WBAN_SIM\DEBUG\WBAN_SIM.ILK
L:\M10307431\WBAN\WBAN_SIM\DEBUG\WBAN_SIM.EXE
L:\M10307431\WBAN\WBAN_SIM\DEBUG\WBAN_SIM.PDB
L:\M10307431\WBAN\WBAN_Sim\WBAN_Sim\Debug\Dispatch.obj
L:\M10307431\WBAN\WBAN_Sim\WBAN_Sim\Debug\main.obj
L:\M10307431\WBAN\WBAN_Sim\WBAN_Sim\Debug\OFLDecision.obj
L:\M10307431\WBAN\WBAN_Sim\WBAN_Sim\Debug\Performance.obj
L:\M10307431\WBAN\WBAN_Sim\WBAN_Sim\Debug\Sched.obj
L:\M10307431\WBAN\WBAN_Sim\WBAN_Sim\Debug\WBAN_Gen.obj
L:\M10307431\WBAN\WBAN_Sim\WBAN_Sim\Debug\cl.command.1.tlog
L:\M10307431\WBAN\WBAN_Sim\WBAN_Sim\Debug\CL.read.1.tlog
L:\M10307431\WBAN\WBAN_Sim\WBAN_Sim\Debug\CL.write.1.tlog
L:\M10307431\WBAN\WBAN_Sim\WBAN_Sim\Debug\link-cvtres.read.1.tlog
L:\M10307431\WBAN\WBAN_Sim\WBAN_Sim\Debug\link-cvtres.write.1.tlog
L:\M10307431\WBAN\WBAN_Sim\WBAN_Sim\Debug\link-rc.read.1.tlog
L:\M10307431\WBAN\WBAN_Sim\WBAN_Sim\Debug\link-rc.write.1.tlog
L:\M10307431\WBAN\WBAN_Sim\WBAN_Sim\Debug\link.10540-cvtres.read.1.tlog
L:\M10307431\WBAN\WBAN_Sim\WBAN_Sim\Debug\link.10540-cvtres.write.1.tlog
L:\M10307431\WBAN\WBAN_Sim\WBAN_Sim\Debug\link.10540-rc.read.1.tlog
L:\M10307431\WBAN\WBAN_Sim\WBAN_Sim\Debug\link.10540-rc.write.1.tlog
L:\M10307431\WBAN\WBAN_Sim\WBAN_Sim\Debug\link.10540.read.1.tlog
L:\M10307431\WBAN\WBAN_Sim\WBAN_Sim\Debug\link.10540.write.1.tlog
L:\M10307431\WBAN\WBAN_Sim\WBAN_Sim\Debug\link.10596-cvtres.read.1.tlog
L:\M10307431\WBAN\WBAN_Sim\WBAN_Sim\Debug\link.10596-cvtres.write.1.tlog
L:\M10307431\WBAN\WBAN_Sim\WBAN_Sim\Debug\link.10596-rc.read.1.tlog
L:\M10307431\WBAN\WBAN_Sim\WBAN_Sim\Debug\link.10596-rc.write.1.tlog
L:\M10307431\WBAN\WBAN_Sim\WBAN_Sim\Debug\link.10596.read.1.tlog
L:\M10307431\WBAN\WBAN_Sim\WBAN_Sim\Debug\link.10596.write.1.tlog
L:\M10307431\WBAN\WBAN_Sim\WBAN_Sim\Debug\link.10640-cvtres.read.1.tlog
L:\M10307431\WBAN\WBAN_Sim\WBAN_Sim\Debug\link.10640-cvtres.write.1.tlog
L:\M10307431\WBAN\WBAN_Sim\WBAN_Sim\Debug\link.10640-rc.read.1.tlog
L:\M10307431\WBAN\WBAN_Sim\WBAN_Sim\Debug\link.10640-rc.write.1.tlog
L:\M10307431\WBAN\WBAN_Sim\WBAN_Sim\Debug\link.10640.read.1.tlog
L:\M10307431\WBAN\WBAN_Sim\WBAN_Sim\Debug\link.10640.write.1.tlog
L:\M10307431\WBAN\WBAN_Sim\WBAN_Sim\Debug\link.10880-cvtres.read.1.tlog
L:\M10307431\WBAN\WBAN_Sim\WBAN_Sim\Debug\link.10880-cvtres.write.1.tlog
L:\M10307431\WBAN\WBAN_Sim\WBAN_Sim\Debug\link.10880-rc.read.1.tlog
L:\M10307431\WBAN\WBAN_Sim\WBAN_Sim\Debug\link.10880-rc.write.1.tlog
L:\M10307431\WBAN\WBAN_Sim\WBAN_Sim\Debug\link.10880.read.1.tlog
L:\M10307431\WBAN\WBAN_Sim\WBAN_Sim\Debug\link.10880.write.1.tlog
L:\M10307431\WBAN\WBAN_Sim\WBAN_Sim\Debug\link.30752-cvtres.read.1.tlog
L:\M10307431\WBAN\WBAN_Sim\WBAN_Sim\Debug\link.30752-cvtres.write.1.tlog
L:\M10307431\WBAN\WBAN_Sim\WBAN_Sim\Debug\link.30752-rc.read.1.tlog
L:\M10307431\WBAN\WBAN_Sim\WBAN_Sim\Debug\link.30752-rc.write.1.tlog
L:\M10307431\WBAN\WBAN_Sim\WBAN_Sim\Debug\link.30752.read.1.tlog
L:\M10307431\WBAN\WBAN_Sim\WBAN_Sim\Debug\link.30752.write.1.tlog
L:\M10307431\WBAN\WBAN_Sim\WBAN_Sim\Debug\link.6312-cvtres.read.1.tlog
L:\M10307431\WBAN\WBAN_Sim\WBAN_Sim\Debug\link.6312-cvtres.write.1.tlog
L:\M10307431\WBAN\WBAN_Sim\WBAN_Sim\Debug\link.6312-rc.read.1.tlog
L:\M10307431\WBAN\WBAN_Sim\WBAN_Sim\Debug\link.6312-rc.write.1.tlog
L:\M10307431\WBAN\WBAN_Sim\WBAN_Sim\Debug\link.6312.read.1.tlog
L:\M10307431\WBAN\WBAN_Sim\WBAN_Sim\Debug\link.6312.write.1.tlog
L:\M10307431\WBAN\WBAN_Sim\WBAN_Sim\Debug\link.7456-cvtres.read.1.tlog
L:\M10307431\WBAN\WBAN_Sim\WBAN_Sim\Debug\link.7456-cvtres.write.1.tlog
L:\M10307431\WBAN\WBAN_Sim\WBAN_Sim\Debug\link.7456-rc.read.1.tlog
L:\M10307431\WBAN\WBAN_Sim\WBAN_Sim\Debug\link.7456-rc.write.1.tlog
L:\M10307431\WBAN\WBAN_Sim\WBAN_Sim\Debug\link.7456.read.1.tlog
L:\M10307431\WBAN\WBAN_Sim\WBAN_Sim\Debug\link.7456.write.1.tlog
L:\M10307431\WBAN\WBAN_Sim\WBAN_Sim\Debug\link.command.1.tlog
L:\M10307431\WBAN\WBAN_Sim\WBAN_Sim\Debug\link.read.1.tlog
L:\M10307431\WBAN\WBAN_Sim\WBAN_Sim\Debug\link.write.1.tlog
L:\M10307431\WBAN\WBAN_Sim\WBAN_Sim\Debug\vc110.idb
L:\M10307431\WBAN\WBAN_Sim\WBAN_Sim\Debug\vc110.pdb
L:\M10307431\WBAN\WBAN_Sim\Debug\WBAN_Sim.pdb
L:\M10307431\WBAN\WBAN_Sim\Debug\WBAN_Sim.exe
L:\M10307431\WBAN\WBAN_Sim\Debug\WBAN_Sim.ilk
