L:\M10307431\WBAN\WBAN_GEN\WBAN_GEN\DEBUG\VC110.PDB
L:\M10307431\WBAN\WBAN_GEN\WBAN_GEN\DEBUG\WBAN_GEN.OBJ
L:\M10307431\WBAN\WBAN_GEN\DEBUG\WBAN_GEN.ILK
L:\M10307431\WBAN\WBAN_GEN\DEBUG\WBAN_GEN.EXE
L:\M10307431\WBAN\WBAN_GEN\DEBUG\WBAN_GEN.PDB
L:\M10307431\WBAN\WBAN_Gen\WBAN_Gen\Debug\WBAN_Gen.obj
L:\M10307431\WBAN\WBAN_Gen\WBAN_Gen\Debug\cl.command.1.tlog
L:\M10307431\WBAN\WBAN_Gen\WBAN_Gen\Debug\CL.read.1.tlog
L:\M10307431\WBAN\WBAN_Gen\WBAN_Gen\Debug\CL.write.1.tlog
L:\M10307431\WBAN\WBAN_Gen\WBAN_Gen\Debug\link-cvtres.read.1.tlog
L:\M10307431\WBAN\WBAN_Gen\WBAN_Gen\Debug\link-cvtres.write.1.tlog
L:\M10307431\WBAN\WBAN_Gen\WBAN_Gen\Debug\link-rc.read.1.tlog
L:\M10307431\WBAN\WBAN_Gen\WBAN_Gen\Debug\link-rc.write.1.tlog
L:\M10307431\WBAN\WBAN_Gen\WBAN_Gen\Debug\link.10440-cvtres.read.1.tlog
L:\M10307431\WBAN\WBAN_Gen\WBAN_Gen\Debug\link.10440-cvtres.write.1.tlog
L:\M10307431\WBAN\WBAN_Gen\WBAN_Gen\Debug\link.10440-rc.read.1.tlog
L:\M10307431\WBAN\WBAN_Gen\WBAN_Gen\Debug\link.10440-rc.write.1.tlog
L:\M10307431\WBAN\WBAN_Gen\WBAN_Gen\Debug\link.10440.read.1.tlog
L:\M10307431\WBAN\WBAN_Gen\WBAN_Gen\Debug\link.10440.write.1.tlog
L:\M10307431\WBAN\WBAN_Gen\WBAN_Gen\Debug\link.1180-cvtres.read.1.tlog
L:\M10307431\WBAN\WBAN_Gen\WBAN_Gen\Debug\link.1180-cvtres.write.1.tlog
L:\M10307431\WBAN\WBAN_Gen\WBAN_Gen\Debug\link.1180-rc.read.1.tlog
L:\M10307431\WBAN\WBAN_Gen\WBAN_Gen\Debug\link.1180-rc.write.1.tlog
L:\M10307431\WBAN\WBAN_Gen\WBAN_Gen\Debug\link.1180.read.1.tlog
L:\M10307431\WBAN\WBAN_Gen\WBAN_Gen\Debug\link.1180.write.1.tlog
L:\M10307431\WBAN\WBAN_Gen\WBAN_Gen\Debug\link.4188-cvtres.read.1.tlog
L:\M10307431\WBAN\WBAN_Gen\WBAN_Gen\Debug\link.4188-cvtres.write.1.tlog
L:\M10307431\WBAN\WBAN_Gen\WBAN_Gen\Debug\link.4188-rc.read.1.tlog
L:\M10307431\WBAN\WBAN_Gen\WBAN_Gen\Debug\link.4188-rc.write.1.tlog
L:\M10307431\WBAN\WBAN_Gen\WBAN_Gen\Debug\link.4188.read.1.tlog
L:\M10307431\WBAN\WBAN_Gen\WBAN_Gen\Debug\link.4188.write.1.tlog
L:\M10307431\WBAN\WBAN_Gen\WBAN_Gen\Debug\link.5492-cvtres.read.1.tlog
L:\M10307431\WBAN\WBAN_Gen\WBAN_Gen\Debug\link.5492-cvtres.write.1.tlog
L:\M10307431\WBAN\WBAN_Gen\WBAN_Gen\Debug\link.5492-rc.read.1.tlog
L:\M10307431\WBAN\WBAN_Gen\WBAN_Gen\Debug\link.5492-rc.write.1.tlog
L:\M10307431\WBAN\WBAN_Gen\WBAN_Gen\Debug\link.5492.read.1.tlog
L:\M10307431\WBAN\WBAN_Gen\WBAN_Gen\Debug\link.5492.write.1.tlog
L:\M10307431\WBAN\WBAN_Gen\WBAN_Gen\Debug\link.5564-cvtres.read.1.tlog
L:\M10307431\WBAN\WBAN_Gen\WBAN_Gen\Debug\link.5564-cvtres.write.1.tlog
L:\M10307431\WBAN\WBAN_Gen\WBAN_Gen\Debug\link.5564-rc.read.1.tlog
L:\M10307431\WBAN\WBAN_Gen\WBAN_Gen\Debug\link.5564-rc.write.1.tlog
L:\M10307431\WBAN\WBAN_Gen\WBAN_Gen\Debug\link.5564.read.1.tlog
L:\M10307431\WBAN\WBAN_Gen\WBAN_Gen\Debug\link.5564.write.1.tlog
L:\M10307431\WBAN\WBAN_Gen\WBAN_Gen\Debug\link.9712-cvtres.read.1.tlog
L:\M10307431\WBAN\WBAN_Gen\WBAN_Gen\Debug\link.9712-cvtres.write.1.tlog
L:\M10307431\WBAN\WBAN_Gen\WBAN_Gen\Debug\link.9712-rc.read.1.tlog
L:\M10307431\WBAN\WBAN_Gen\WBAN_Gen\Debug\link.9712-rc.write.1.tlog
L:\M10307431\WBAN\WBAN_Gen\WBAN_Gen\Debug\link.9712.read.1.tlog
L:\M10307431\WBAN\WBAN_Gen\WBAN_Gen\Debug\link.9712.write.1.tlog
L:\M10307431\WBAN\WBAN_Gen\WBAN_Gen\Debug\link.command.1.tlog
L:\M10307431\WBAN\WBAN_Gen\WBAN_Gen\Debug\link.read.1.tlog
L:\M10307431\WBAN\WBAN_Gen\WBAN_Gen\Debug\link.write.1.tlog
L:\M10307431\WBAN\WBAN_Gen\WBAN_Gen\Debug\vc110.idb
L:\M10307431\WBAN\WBAN_Gen\WBAN_Gen\Debug\vc110.pdb
L:\M10307431\WBAN\WBAN_Gen\Debug\WBAN_Gen.pdb
L:\M10307431\WBAN\WBAN_Gen\Debug\WBAN_Gen.exe
L:\M10307431\WBAN\WBAN_Gen\Debug\WBAN_Gen.ilk
